<?xml version="1.0" encoding="UTF-8"?>
<!-- Generated by org.testng.reporters.JUnitReportReporter -->
<testsuite hostname="DESKTOP-TV75E22" name="com.clarivate.unittests.Test3" tests="1" failures="0" timestamp="10 May 2020 16:39:05 GMT" time="0.043" errors="0">
  <testcase name="b" time="0.043" classname="com.clarivate.unittests.Test3"/>
</testsuite> <!-- com.clarivate.unittests.Test3 -->
